<?xml version="1.0" encoding="UTF-8"?>
<!-- Generated by org.testng.reporters.JUnitReportReporter -->
<testsuite hostname="DESKTOP-HO8PPFB" failures="0" tests="1" name="TestRunner.TestRunner" time="21.956" errors="0" timestamp="2023-04-06T11:07:00 IST" skipped="0">
  <testcase classname="TestRunner.TestRunner" name="runScenario" time="21.956"/>
  <system-out/>
</testsuite> <!-- TestRunner.TestRunner -->
