<?xml version="1.0" encoding="UTF-8"?>
<!-- Generated by org.testng.reporters.JUnitReportReporter -->
<testsuite hostname="DESKTOP-HO8PPFB" failures="0" tests="2" name="com.ecommerce.ebay.cucumberspecifics.TestRunner" time="25.884" errors="0" timestamp="2023-04-12T21:33:05 IST" skipped="0">
  <testcase classname="com.ecommerce.ebay.cucumberspecifics.TestRunner" name="runScenario" time="19.166"/>
  <system-out/>
  <testcase classname="com.ecommerce.ebay.cucumberspecifics.TestRunner" name="runScenario" time="6.718"/>
  <system-out/>
</testsuite> <!-- com.ecommerce.ebay.cucumberspecifics.TestRunner -->
