<?xml version="1.0" encoding="UTF-8"?>
<!-- Generated by org.testng.reporters.JUnitReportReporter -->
<testsuite hostname="DESKTOP-HO8PPFB" failures="0" tests="1" name="stepdefs.tests" time="13.744" errors="0" timestamp="2023-01-25T13:13:31 IST" skipped="0">
  <testcase classname="stepdefs.tests" name="test" time="13.744"/>
  <system-out/>
</testsuite> <!-- stepdefs.tests -->
