<?xml version="1.0" encoding="UTF-8"?>
<!-- Generated by org.testng.reporters.JUnitReportReporter -->
<testsuite hostname="DESKTOP-HO8PPFB" failures="0" tests="1" name="com.stores.vemo.cucumberspecifics.TestRunner" time="20.565" errors="0" timestamp="2023-04-06T12:24:42 IST" skipped="0">
  <testcase classname="com.stores.vemo.cucumberspecifics.TestRunner" name="runScenario" time="20.565"/>
  <system-out/>
</testsuite> <!-- com.stores.vemo.cucumberspecifics.TestRunner -->
