<?xml version="1.0" encoding="UTF-8"?>
<!-- Generated by org.testng.reporters.JUnitReportReporter -->
<testsuite hostname="DESKTOP-HO8PPFB" failures="0" tests="2" name="com.ecommerce.ebay.cucumberspecifics.TestRunner" time="7.130" errors="0" timestamp="2023-04-12T13:23:30 IST" skipped="0">
  <testcase classname="com.ecommerce.ebay.cucumberspecifics.TestRunner" name="runScenario" time="4.784"/>
  <system-out/>
  <testcase classname="com.ecommerce.ebay.cucumberspecifics.TestRunner" name="runScenario" time="2.346"/>
  <system-out/>
</testsuite> <!-- com.ecommerce.ebay.cucumberspecifics.TestRunner -->
